C:\USERS\HANYI\TANGLETRACER\TANGLETRACER.EXE
C:\Users\hanyi\TangleTracer\TangleTracer.exp
C:\USERS\HANYI\TANGLETRACER\TANGLETRACER.ILK
C:\Users\hanyi\TangleTracer\TangleTracer.lib
C:\USERS\HANYI\TANGLETRACER\TANGLETRACER.PDB
C:\USERS\HANYI\TANGLETRACER\TANGLETRACER\DEBUG\AMBIENT.OBJ
C:\USERS\HANYI\TANGLETRACER\TANGLETRACER\DEBUG\AMBIENTOCCLUDER.OBJ
C:\USERS\HANYI\TANGLETRACER\TANGLETRACER\DEBUG\AREALIGHT.OBJ
C:\USERS\HANYI\TANGLETRACER\TANGLETRACER\DEBUG\AREALIGHTING.OBJ
C:\USERS\HANYI\TANGLETRACER\TANGLETRACER\DEBUG\BBOX.OBJ
C:\USERS\HANYI\TANGLETRACER\TANGLETRACER\DEBUG\BEVELEDCYLINDER.OBJ
C:\USERS\HANYI\TANGLETRACER\TANGLETRACER\DEBUG\BOX.OBJ
C:\USERS\HANYI\TANGLETRACER\TANGLETRACER\DEBUG\BRDF.OBJ
C:\USERS\HANYI\TANGLETRACER\TANGLETRACER\DEBUG\BUILDBBCOVERPIC.OBJ
C:\USERS\HANYI\TANGLETRACER\TANGLETRACER\DEBUG\BUILDMULTIPLEOBJECTS.OBJ
C:\USERS\HANYI\TANGLETRACER\TANGLETRACER\DEBUG\BUILDSINGLESPHERE.OBJ
C:\USERS\HANYI\TANGLETRACER\TANGLETRACER\DEBUG\CAMERA.OBJ
C:\Users\hanyi\TangleTracer\TangleTracer\Debug\cl.command.1.tlog
C:\Users\hanyi\TangleTracer\TangleTracer\Debug\CL.read.1.tlog
C:\Users\hanyi\TangleTracer\TangleTracer\Debug\CL.write.1.tlog
C:\USERS\HANYI\TANGLETRACER\TANGLETRACER\DEBUG\COMPOUND.OBJ
C:\USERS\HANYI\TANGLETRACER\TANGLETRACER\DEBUG\CONCAVESPHERE.OBJ
C:\USERS\HANYI\TANGLETRACER\TANGLETRACER\DEBUG\CONVEXPARTSPHERE.OBJ
C:\Users\hanyi\TangleTracer\TangleTracer\Debug\custombuild.command.1.tlog
C:\Users\hanyi\TangleTracer\TangleTracer\Debug\custombuild.read.1.tlog
C:\Users\hanyi\TangleTracer\TangleTracer\Debug\custombuild.write.1.tlog
C:\USERS\HANYI\TANGLETRACER\TANGLETRACER\DEBUG\DIRECTIONAL.OBJ
C:\USERS\HANYI\TANGLETRACER\TANGLETRACER\DEBUG\DISK.OBJ
C:\USERS\HANYI\TANGLETRACER\TANGLETRACER\DEBUG\EMISSIVE.OBJ
C:\USERS\HANYI\TANGLETRACER\TANGLETRACER\DEBUG\ENVIRONMENTLIGHT.OBJ
C:\USERS\HANYI\TANGLETRACER\TANGLETRACER\DEBUG\FISHEYE.OBJ
C:\USERS\HANYI\TANGLETRACER\TANGLETRACER\DEBUG\FLATMESHTRIANGLE.OBJ
C:\USERS\HANYI\TANGLETRACER\TANGLETRACER\DEBUG\GEOMETRICOBJECT.OBJ
C:\USERS\HANYI\TANGLETRACER\TANGLETRACER\DEBUG\GLOBALTRACE.OBJ
C:\USERS\HANYI\TANGLETRACER\TANGLETRACER\DEBUG\GLOSSYREFLECTOR.OBJ
C:\USERS\HANYI\TANGLETRACER\TANGLETRACER\DEBUG\GLOSSYSPECULAR.OBJ
C:\USERS\HANYI\TANGLETRACER\TANGLETRACER\DEBUG\GRID.OBJ
C:\USERS\HANYI\TANGLETRACER\TANGLETRACER\DEBUG\HAMMERSLEY.OBJ
C:\USERS\HANYI\TANGLETRACER\TANGLETRACER\DEBUG\INSTANCE.OBJ
C:\USERS\HANYI\TANGLETRACER\TANGLETRACER\DEBUG\JITTERED.OBJ
C:\USERS\HANYI\TANGLETRACER\TANGLETRACER\DEBUG\LAMBERTIAN.OBJ
C:\USERS\HANYI\TANGLETRACER\TANGLETRACER\DEBUG\LIGHT.OBJ
C:\Users\hanyi\TangleTracer\TangleTracer\Debug\link.command.1.tlog
C:\Users\hanyi\TangleTracer\TangleTracer\Debug\link.read.1.tlog
C:\Users\hanyi\TangleTracer\TangleTracer\Debug\link.write.1.tlog
C:\USERS\HANYI\TANGLETRACER\TANGLETRACER\DEBUG\MAIN.OBJ
C:\USERS\HANYI\TANGLETRACER\TANGLETRACER\DEBUG\MATERIAL.OBJ
C:\USERS\HANYI\TANGLETRACER\TANGLETRACER\DEBUG\MATHS.OBJ
C:\USERS\HANYI\TANGLETRACER\TANGLETRACER\DEBUG\MATRIX.OBJ
C:\USERS\HANYI\TANGLETRACER\TANGLETRACER\DEBUG\MATTE.OBJ
C:\USERS\HANYI\TANGLETRACER\TANGLETRACER\DEBUG\MESH.OBJ
C:\USERS\HANYI\TANGLETRACER\TANGLETRACER\DEBUG\MESHTRIANGLE.OBJ
C:\USERS\HANYI\TANGLETRACER\TANGLETRACER\DEBUG\MOC_TANGEIMAGESIZE.OBJ
C:\USERS\HANYI\TANGLETRACER\TANGLETRACER\DEBUG\MOC_TANGLETRACER.OBJ
C:\Users\hanyi\TangleTracer\TangleTracer\Debug\mt.command.1.tlog
C:\Users\hanyi\TangleTracer\TangleTracer\Debug\mt.read.1.tlog
C:\Users\hanyi\TangleTracer\TangleTracer\Debug\mt.write.1.tlog
C:\USERS\HANYI\TANGLETRACER\TANGLETRACER\DEBUG\MULTIJITTERED.OBJ
C:\USERS\HANYI\TANGLETRACER\TANGLETRACER\DEBUG\MULTIPLEOBJECTS.OBJ
C:\USERS\HANYI\TANGLETRACER\TANGLETRACER\DEBUG\NORMAL.OBJ
C:\USERS\HANYI\TANGLETRACER\TANGLETRACER\DEBUG\NROOKS.OBJ
C:\USERS\HANYI\TANGLETRACER\TANGLETRACER\DEBUG\OPENCYLINDER.OBJ
C:\USERS\HANYI\TANGLETRACER\TANGLETRACER\DEBUG\PATHTRACE.OBJ
C:\USERS\HANYI\TANGLETRACER\TANGLETRACER\DEBUG\PERFECTSPECULAR.OBJ
C:\USERS\HANYI\TANGLETRACER\TANGLETRACER\DEBUG\PHONG.OBJ
C:\USERS\HANYI\TANGLETRACER\TANGLETRACER\DEBUG\PINHOLE.OBJ
C:\USERS\HANYI\TANGLETRACER\TANGLETRACER\DEBUG\PLANE.OBJ
C:\USERS\HANYI\TANGLETRACER\TANGLETRACER\DEBUG\PLY.OBJ
C:\USERS\HANYI\TANGLETRACER\TANGLETRACER\DEBUG\POINT2D.OBJ
C:\USERS\HANYI\TANGLETRACER\TANGLETRACER\DEBUG\POINT3D.OBJ
C:\USERS\HANYI\TANGLETRACER\TANGLETRACER\DEBUG\POINTLIGHT.OBJ
C:\USERS\HANYI\TANGLETRACER\TANGLETRACER\DEBUG\PURERANDOM.OBJ
C:\USERS\HANYI\TANGLETRACER\TANGLETRACER\DEBUG\QRC_TANGLETRACER.OBJ
C:\USERS\HANYI\TANGLETRACER\TANGLETRACER\DEBUG\RAY.OBJ
C:\USERS\HANYI\TANGLETRACER\TANGLETRACER\DEBUG\RAYCAST.OBJ
C:\USERS\HANYI\TANGLETRACER\TANGLETRACER\DEBUG\RECTANGLE.OBJ
C:\USERS\HANYI\TANGLETRACER\TANGLETRACER\DEBUG\REFLECTIVE.OBJ
C:\USERS\HANYI\TANGLETRACER\TANGLETRACER\DEBUG\REGULAR.OBJ
C:\USERS\HANYI\TANGLETRACER\TANGLETRACER\DEBUG\RENDERCANVAS.OBJ
C:\USERS\HANYI\TANGLETRACER\TANGLETRACER\DEBUG\RENDERPIXEL.OBJ
C:\USERS\HANYI\TANGLETRACER\TANGLETRACER\DEBUG\RENDERTHREAD.OBJ
C:\USERS\HANYI\TANGLETRACER\TANGLETRACER\DEBUG\RGBCOLOR.OBJ
C:\USERS\HANYI\TANGLETRACER\TANGLETRACER\DEBUG\SAMPLER.OBJ
C:\USERS\HANYI\TANGLETRACER\TANGLETRACER\DEBUG\SHADEREC.OBJ
C:\USERS\HANYI\TANGLETRACER\TANGLETRACER\DEBUG\SINGLESPHERE.OBJ
C:\USERS\HANYI\TANGLETRACER\TANGLETRACER\DEBUG\SMOOTHMESHTRIANGLE.OBJ
C:\USERS\HANYI\TANGLETRACER\TANGLETRACER\DEBUG\SMOOTHTRIANGLE.OBJ
C:\USERS\HANYI\TANGLETRACER\TANGLETRACER\DEBUG\SOLIDCYLINDER.OBJ
C:\USERS\HANYI\TANGLETRACER\TANGLETRACER\DEBUG\SPHERE.OBJ
C:\USERS\HANYI\TANGLETRACER\TANGLETRACER\DEBUG\SPHERICAL.OBJ
C:\USERS\HANYI\TANGLETRACER\TANGLETRACER\DEBUG\STDAFX.OBJ
C:\USERS\HANYI\TANGLETRACER\TANGLETRACER\DEBUG\STEREOCAMERA.OBJ
C:\USERS\HANYI\TANGLETRACER\TANGLETRACER\DEBUG\TANGEIMAGESIZE.OBJ
C:\USERS\HANYI\TANGLETRACER\TANGLETRACER\DEBUG\TANGLETRACER.EXE.INTERMEDIATE.MANIFEST
C:\USERS\HANYI\TANGLETRACER\TANGLETRACER\DEBUG\TANGLETRACER.OBJ
C:\Users\hanyi\TangleTracer\TangleTracer\Debug\TangleTracer.vcxprojResolveAssemblyReference.cache
C:\Users\hanyi\TangleTracer\TangleTracer\Debug\TangleTracer.write.1.tlog
C:\USERS\HANYI\TANGLETRACER\TANGLETRACER\DEBUG\THINLENS.OBJ
C:\USERS\HANYI\TANGLETRACER\TANGLETRACER\DEBUG\TORUS.OBJ
C:\USERS\HANYI\TANGLETRACER\TANGLETRACER\DEBUG\TRACER.OBJ
C:\USERS\HANYI\TANGLETRACER\TANGLETRACER\DEBUG\TRIANGLE.OBJ
C:\USERS\HANYI\TANGLETRACER\TANGLETRACER\DEBUG\VC100.PDB
C:\USERS\HANYI\TANGLETRACER\TANGLETRACER\DEBUG\VECTOR3D.OBJ
C:\USERS\HANYI\TANGLETRACER\TANGLETRACER\DEBUG\VIEWPLANE.OBJ
C:\USERS\HANYI\TANGLETRACER\TANGLETRACER\DEBUG\WHITTED.OBJ
C:\USERS\HANYI\TANGLETRACER\TANGLETRACER\DEBUG\WORLD.OBJ
C:\USERS\HANYI\TANGLETRACER\TANGLETRACER\GENERATEDFILES\DEBUG\MOC_TANGEIMAGESIZE.CPP
C:\USERS\HANYI\TANGLETRACER\TANGLETRACER\GENERATEDFILES\DEBUG\MOC_TANGLETRACER.CPP
C:\USERS\HANYI\TANGLETRACER\TANGLETRACER\GENERATEDFILES\QRC_TANGLETRACER.CPP
C:\USERS\HANYI\TANGLETRACER\TANGLETRACER\GENERATEDFILES\UI_IMAGESIZE.H
C:\USERS\HANYI\TANGLETRACER\TANGLETRACER\GENERATEDFILES\UI_TANGLETRACER.H
